14/04/16 17:23:26 INFO  spoolmanager: JamesSpoolManager init...
14/04/16 17:23:26 INFO  spoolmanager: Matcher All instantiated.
14/04/16 17:23:26 INFO  spoolmanager: Mailet PostmasterAlias instantiated.
14/04/16 17:23:26 INFO  spoolmanager: Matcher RelayLimit=30 instantiated.
14/04/16 17:23:26 INFO  spoolmanager: Mailet Null instantiated.
14/04/16 17:23:26 INFO  spoolmanager: Matcher HasMailAttributeWithValue=org.apache.james.infected, true instantiated.
14/04/16 17:23:26 INFO  spoolmanager: Mailet ToProcessor instantiated.
14/04/16 17:23:26 INFO  spoolmanager: Matcher HasMailAttribute=spamChecked instantiated.
14/04/16 17:23:26 INFO  spoolmanager: Mailet ToProcessor instantiated.
14/04/16 17:23:26 INFO  spoolmanager: Matcher All instantiated.
14/04/16 17:23:26 INFO  spoolmanager: Mailet SetMailAttribute instantiated.
14/04/16 17:23:26 INFO  spoolmanager: Matcher SMTPAuthSuccessful instantiated.
14/04/16 17:23:26 INFO  spoolmanager: Mailet ToProcessor instantiated.
14/04/16 17:23:26 INFO  spoolmanager: Matcher InSpammerBlacklist=query.bondedsender.org. instantiated.
14/04/16 17:23:26 INFO  spoolmanager: Mailet ToProcessor instantiated.
14/04/16 17:23:26 INFO  spoolmanager: Matcher InSpammerBlacklist=dnsbl.njabl.org. instantiated.
14/04/16 17:23:26 INFO  spoolmanager: Mailet ToProcessor instantiated.
14/04/16 17:23:26 INFO  spoolmanager: Matcher All instantiated.
14/04/16 17:23:26 INFO  spoolmanager: Mailet ToProcessor instantiated.
14/04/16 17:23:26 INFO  spoolmanager: Processor root instantiated.
14/04/16 17:23:26 INFO  spoolmanager: Matcher All instantiated.
14/04/16 17:23:26 INFO  spoolmanager: Mailet ToRepository instantiated.
14/04/16 17:23:26 INFO  spoolmanager: Processor error instantiated.
14/04/16 17:23:26 INFO  spoolmanager: Matcher SMTPAuthSuccessful instantiated.
14/04/16 17:23:26 INFO  spoolmanager: Mailet SetMimeHeader instantiated.
14/04/16 17:23:26 INFO  spoolmanager: Matcher HasMailAttribute=org.apache.james.SMIMECheckSignature instantiated.
14/04/16 17:23:26 INFO  spoolmanager: Mailet SetMimeHeader instantiated.
14/04/16 17:23:26 INFO  spoolmanager: Matcher RecipientIsLocal instantiated.
14/04/16 17:23:26 INFO  spoolmanager: Mailet LocalDelivery instantiated.
14/04/16 17:23:26 INFO  spoolmanager: Matcher HostIsLocal instantiated.
14/04/16 17:23:26 INFO  spoolmanager: Mailet ToProcessor instantiated.
14/04/16 17:23:26 INFO  spoolmanager: Matcher RemoteAddrNotInNetwork=127.0.0.1 instantiated.
14/04/16 17:23:26 INFO  spoolmanager: Mailet ToProcessor instantiated.
14/04/16 17:23:26 INFO  spoolmanager: Matcher All instantiated.
14/04/16 17:23:26 INFO  spoolmanager: Mailet RemoteDelivery instantiated.
14/04/16 17:23:26 INFO  spoolmanager: Processor transport instantiated.
14/04/16 17:23:26 INFO  spoolmanager: Matcher All instantiated.
14/04/16 17:23:26 INFO  spoolmanager: Mailet ToRepository instantiated.
14/04/16 17:23:26 INFO  spoolmanager: Processor spam instantiated.
14/04/16 17:23:26 INFO  spoolmanager: Matcher All instantiated.
14/04/16 17:23:26 INFO  spoolmanager: Mailet SetMailAttribute instantiated.
14/04/16 17:23:26 INFO  spoolmanager: Matcher SMTPAuthSuccessful instantiated.
14/04/16 17:23:26 INFO  spoolmanager: Mailet Bounce instantiated.
14/04/16 17:23:26 INFO  spoolmanager: Matcher All instantiated.
14/04/16 17:23:26 INFO  spoolmanager: Mailet Null instantiated.
14/04/16 17:23:26 INFO  spoolmanager: Processor virus instantiated.
14/04/16 17:23:26 INFO  spoolmanager: Matcher All instantiated.
14/04/16 17:23:26 INFO  spoolmanager: Mailet ToRepository instantiated.
14/04/16 17:23:26 INFO  spoolmanager: Processor local-address-error instantiated.
14/04/16 17:23:26 INFO  spoolmanager: Matcher All instantiated.
14/04/16 17:23:26 INFO  spoolmanager: Mailet ToRepository instantiated.
14/04/16 17:23:26 INFO  spoolmanager: Processor relay-denied instantiated.
14/04/16 17:23:26 INFO  spoolmanager: Matcher All instantiated.
14/04/16 17:23:26 INFO  spoolmanager: Mailet DSNBounce instantiated.
14/04/16 17:23:26 INFO  spoolmanager: Processor bounces instantiated.
14/04/16 17:23:26 INFO  spoolmanager: Spooler Manager uses 10 Thread(s)
14/04/16 17:23:26 INFO  spoolmanager: Run JamesSpoolManager: Spool Thread #0
14/04/16 17:23:26 INFO  spoolmanager: Run JamesSpoolManager: Spool Thread #3
14/04/16 17:23:26 INFO  spoolmanager: Spool=com.sun.proxy.$Proxy5
14/04/16 17:23:26 INFO  spoolmanager: Run JamesSpoolManager: Spool Thread #5
14/04/16 17:23:26 INFO  spoolmanager: Spool=com.sun.proxy.$Proxy5
14/04/16 17:23:26 INFO  spoolmanager: Run JamesSpoolManager: Spool Thread #7
14/04/16 17:23:26 INFO  spoolmanager: Spool=com.sun.proxy.$Proxy5
14/04/16 17:23:26 INFO  spoolmanager: Run JamesSpoolManager: Spool Thread #8
14/04/16 17:23:26 INFO  spoolmanager: Run JamesSpoolManager: Spool Thread #2
14/04/16 17:23:26 INFO  spoolmanager: Spool=com.sun.proxy.$Proxy5
14/04/16 17:23:26 INFO  spoolmanager: Run JamesSpoolManager: Spool Thread #1
14/04/16 17:23:26 INFO  spoolmanager: Spool=com.sun.proxy.$Proxy5
14/04/16 17:23:26 INFO  spoolmanager: Spool=com.sun.proxy.$Proxy5
14/04/16 17:23:26 INFO  spoolmanager: Run JamesSpoolManager: Spool Thread #6
14/04/16 17:23:26 INFO  spoolmanager: Run JamesSpoolManager: Spool Thread #4
14/04/16 17:23:26 INFO  spoolmanager: Spool=com.sun.proxy.$Proxy5
14/04/16 17:23:26 INFO  spoolmanager: Spool=com.sun.proxy.$Proxy5
14/04/16 17:23:26 INFO  spoolmanager: Spool=com.sun.proxy.$Proxy5
14/04/16 17:23:26 INFO  spoolmanager: Run JamesSpoolManager: Spool Thread #9
14/04/16 17:23:26 INFO  spoolmanager: Spool=com.sun.proxy.$Proxy5
